0 info it worked if it ends with ok
1 verbose cli [
1 verbose cli   'C:\\Program Files\\nodejs\\node.exe',
1 verbose cli   'C:\\Program Files\\nodejs\\node_modules\\npm\\bin\\npm-cli.js',
1 verbose cli   'run',
1 verbose cli   'start'
1 verbose cli ]
2 info using npm@6.14.13
3 info using node@v14.17.3
4 verbose stack Error: Failed to parse json
4 verbose stack Unexpected string in JSON at position 160 while parsing '{
4 verbose stack   "name": "tictactoe",
4 verbose stack   "version": "0'
4 verbose stack     at parseError (C:\Program Files\nodejs\node_modules\npm\node_modules\read-package-json\read-json.js:470:11)
4 verbose stack     at parseJson (C:\Program Files\nodejs\node_modules\npm\node_modules\read-package-json\read-json.js:105:26)
4 verbose stack     at C:\Program Files\nodejs\node_modules\npm\node_modules\read-package-json\read-json.js:52:5
4 verbose stack     at C:\Program Files\nodejs\node_modules\npm\node_modules\graceful-fs\graceful-fs.js:123:16
4 verbose stack     at FSReqCallback.readFileAfterClose [as oncomplete] (internal/fs/read_file_context.js:73:3)
5 verbose cwd C:\Users\HP\projects\tictactoe
6 verbose Windows_NT 10.0.19043
7 verbose argv "C:\\Program Files\\nodejs\\node.exe" "C:\\Program Files\\nodejs\\node_modules\\npm\\bin\\npm-cli.js" "run" "start"
8 verbose node v14.17.3
9 verbose npm  v6.14.13
10 error code EJSONPARSE
11 error file C:\Users\HP\projects\tictactoe\package.json
12 error JSON.parse Failed to parse json
12 error JSON.parse Unexpected string in JSON at position 160 while parsing '{
12 error JSON.parse   "name": "tictactoe",
12 error JSON.parse   "version": "0'
13 error JSON.parse Failed to parse package.json data.
13 error JSON.parse package.json must be actual JSON, not just JavaScript.
14 verbose exit [ 1, true ]
